[debug] [2018-05-30T17:44:26.694Z] ----------------------------------------------------------------------
[debug] [2018-05-30T17:44:26.710Z] Command:       C:\Program Files\nodejs\node.exe C:\Users\Govin\AppData\Roaming\npm\node_modules\firebase-tools\bin\firebase serve
[debug] [2018-05-30T17:44:26.710Z] CLI Version:   3.18.4
[debug] [2018-05-30T17:44:26.710Z] Platform:      win32
[debug] [2018-05-30T17:44:26.710Z] Node Version:  v8.11.1
[debug] [2018-05-30T17:44:26.710Z] Time:          Wed May 30 2018 23:14:26 GMT+0530 (India Standard Time)
[debug] [2018-05-30T17:44:26.710Z] ----------------------------------------------------------------------
[debug] 
[debug] [2018-05-30T17:44:26.788Z] > command requires scopes: ["email","openid","https://www.googleapis.com/auth/cloudplatformprojects.readonly","https://www.googleapis.com/auth/firebase","https://www.googleapis.com/auth/cloud-platform"]
[debug] [2018-05-30T17:44:26.788Z] > authorizing via signed-in user
[debug] [2018-05-30T17:44:26.804Z] > refreshing access token with scopes: ["email","https://www.googleapis.com/auth/cloud-platform","https://www.googleapis.com/auth/cloudplatformprojects.readonly","https://www.googleapis.com/auth/firebase","openid"]
[debug] [2018-05-30T17:44:26.804Z] >>> HTTP REQUEST POST https://www.googleapis.com/oauth2/v3/token  
 { refresh_token: '1/pAX-e6YuDTBX_HkuQb0lhLVyoZP6bzTxjV2LEKMxrDnUoJv7_3wFfJL8lfByTsW8',
  client_id: '563584335869-fgrhgmd47bqnekij5i8b5pr03ho849e6.apps.googleusercontent.com',
  client_secret: 'j9iVZfS8kkCEFUPaAeJV0sAi',
  grant_type: 'refresh_token',
  scope: 'email https://www.googleapis.com/auth/cloud-platform https://www.googleapis.com/auth/cloudplatformprojects.readonly https://www.googleapis.com/auth/firebase openid' } 
 Wed May 30 2018 23:14:26 GMT+0530 (India Standard Time)
[debug] [2018-05-30T17:44:27.559Z] <<< HTTP RESPONSE 200
[debug] [2018-05-30T17:44:27.626Z] >>> HTTP REQUEST GET https://admin.firebase.com/v1/projects/techbotz-in  
  
 Wed May 30 2018 23:14:27 GMT+0530 (India Standard Time)
[debug] [2018-05-30T17:44:29.228Z] <<< HTTP RESPONSE 200
[debug] [2018-05-30T17:44:29.244Z] >>> HTTP REQUEST GET https://admin.firebase.com/v1/database/techbotz-in/tokens  
  
 Wed May 30 2018 23:14:29 GMT+0530 (India Standard Time)
[debug] [2018-05-30T17:44:30.990Z] <<< HTTP RESPONSE 200
[debug] [2018-05-30T17:44:30.992Z] >>> HTTP REQUEST GET https://cloudresourcemanager.googleapis.com/v1/projects/techbotz-in  
  
 Wed May 30 2018 23:14:30 GMT+0530 (India Standard Time)
[debug] [2018-05-30T17:44:32.954Z] <<< HTTP RESPONSE 200
[info] 
[info] === Serving from 'D:\BitBucketProjects\techbotz'...
[info] 
[info] i  functions: Preparing to emulate functions.
[debug] [2018-05-30T17:44:41.394Z] Fetching environment
[debug] [2018-05-30T17:44:41.394Z] >>> HTTP REQUEST GET https://mobilesdk-pa.googleapis.com/v1/projects/1000365453976:getServerAppConfig  
  
 Wed May 30 2018 23:14:41 GMT+0530 (India Standard Time)
[debug] [2018-05-30T17:44:41.394Z] >>> HTTP REQUEST GET https://mobilesdk-pa.googleapis.com/v1/projects/1000365453976/clients/_:getWebAppConfig  
  
 Wed May 30 2018 23:14:41 GMT+0530 (India Standard Time)
[warn] !  functions: Error from emulator. FirebaseError: Server Error. getaddrinfo EAI_AGAIN mobilesdk-pa.googleapis.com:443
[debug] [2018-05-30T17:44:52.651Z] Error
    at new FirebaseError (C:\Users\Govin\AppData\Roaming\npm\node_modules\firebase-tools\lib\error.js:11:16)
    at Request._callback (C:\Users\Govin\AppData\Roaming\npm\node_modules\firebase-tools\lib\api.js:35:11)
    at self.callback (C:\Users\Govin\AppData\Roaming\npm\node_modules\firebase-tools\node_modules\request\request.js:186:22)
    at emitOne (events.js:116:13)
    at Request.emit (events.js:211:7)
    at Request.onRequestError (C:\Users\Govin\AppData\Roaming\npm\node_modules\firebase-tools\node_modules\request\request.js:878:8)
    at emitOne (events.js:116:13)
    at ClientRequest.emit (events.js:211:7)
    at TLSSocket.socketErrorListener (_http_client.js:387:9)
    at emitOne (events.js:116:13)
[debug] [2018-05-30T17:44:53.076Z] Error: getaddrinfo EAI_AGAIN mobilesdk-pa.googleapis.com:443
    at Object._errnoException (util.js:1022:11)
    at errnoException (dns.js:55:15)
    at GetAddrInfoReqWrap.onlookup [as oncomplete] (dns.js:92:26)
[error] 
[error] Error: Server Error. getaddrinfo EAI_AGAIN mobilesdk-pa.googleapis.com:443
[debug] [2018-05-30T17:45:54.470Z] ----------------------------------------------------------------------
[debug] [2018-05-30T17:45:54.470Z] Command:       C:\Program Files\nodejs\node.exe C:\Users\Govin\AppData\Roaming\npm\node_modules\firebase-tools\bin\firebase serve
[debug] [2018-05-30T17:45:54.470Z] CLI Version:   3.18.4
[debug] [2018-05-30T17:45:54.470Z] Platform:      win32
[debug] [2018-05-30T17:45:54.470Z] Node Version:  v8.11.1
[debug] [2018-05-30T17:45:54.470Z] Time:          Wed May 30 2018 23:15:54 GMT+0530 (India Standard Time)
[debug] [2018-05-30T17:45:54.470Z] ----------------------------------------------------------------------
[debug] 
[debug] [2018-05-30T17:45:54.486Z] > command requires scopes: ["email","openid","https://www.googleapis.com/auth/cloudplatformprojects.readonly","https://www.googleapis.com/auth/firebase","https://www.googleapis.com/auth/cloud-platform"]
[debug] [2018-05-30T17:45:54.486Z] > authorizing via signed-in user
[debug] [2018-05-30T17:45:54.502Z] >>> HTTP REQUEST GET https://admin.firebase.com/v1/projects/techbotz-in  
  
 Wed May 30 2018 23:15:54 GMT+0530 (India Standard Time)
[debug] [2018-05-30T17:45:55.892Z] <<< HTTP RESPONSE 200
[debug] [2018-05-30T17:45:55.892Z] >>> HTTP REQUEST GET https://admin.firebase.com/v1/database/techbotz-in/tokens  
  
 Wed May 30 2018 23:15:55 GMT+0530 (India Standard Time)
[debug] [2018-05-30T17:45:56.908Z] <<< HTTP RESPONSE 200
[debug] [2018-05-30T17:45:56.908Z] >>> HTTP REQUEST GET https://cloudresourcemanager.googleapis.com/v1/projects/techbotz-in  
  
 Wed May 30 2018 23:15:56 GMT+0530 (India Standard Time)
[debug] [2018-05-30T17:45:58.611Z] <<< HTTP RESPONSE 200
[info] 
[info] === Serving from 'D:\BitBucketProjects\techbotz'...
[info] 
[info] i  functions: Preparing to emulate functions.
[debug] [2018-05-30T17:46:00.099Z] Fetching environment
[debug] [2018-05-30T17:46:00.115Z] >>> HTTP REQUEST GET https://mobilesdk-pa.googleapis.com/v1/projects/1000365453976:getServerAppConfig  
  
 Wed May 30 2018 23:16:00 GMT+0530 (India Standard Time)
[debug] [2018-05-30T17:46:00.115Z] >>> HTTP REQUEST GET https://mobilesdk-pa.googleapis.com/v1/projects/1000365453976/clients/_:getWebAppConfig  
  
 Wed May 30 2018 23:16:00 GMT+0530 (India Standard Time)
[debug] [2018-05-30T17:46:01.303Z] <<< HTTP RESPONSE 200
[debug] [2018-05-30T17:46:01.513Z] <<< HTTP RESPONSE 200
[debug] [2018-05-30T17:46:01.514Z] Starting @google-cloud/functions-emulator
[info] i  hosting: Serving hosting files from: dist
[info] +  hosting: Local server: http://localhost:5000

[debug] [2018-05-30T17:46:09.972Z] Parsing function triggers
[info] +  functions: sendEmail: http://localhost:5001/techbotz-in/us-central1/sendEmail
[info] [hosting] Rewriting /sendEmail to local function sendEmail
